#! /opt/homebrew/Cellar/icarus-verilog/13.0/bin/vvp
:ivl_version "13.0 (stable)" "(v13_0)";
:ivl_delay_selection "TYPICAL";
:vpi_time_precision + 0;
:vpi_module "/opt/homebrew/Cellar/icarus-verilog/13.0/lib/ivl/system.vpi";
:vpi_module "/opt/homebrew/Cellar/icarus-verilog/13.0/lib/ivl/vhdl_sys.vpi";
:vpi_module "/opt/homebrew/Cellar/icarus-verilog/13.0/lib/ivl/vhdl_textio.vpi";
:vpi_module "/opt/homebrew/Cellar/icarus-verilog/13.0/lib/ivl/v2005_math.vpi";
:vpi_module "/opt/homebrew/Cellar/icarus-verilog/13.0/lib/ivl/va_math.vpi";
S_0x11d607600 .scope module, "uart_rx" "uart_rx" 2 1;
 .timescale 0 0;
    .port_info 0 /INPUT 1 "clk";
    .port_info 1 /INPUT 1 "rst_n";
    .port_info 2 /INPUT 1 "rx";
    .port_info 3 /OUTPUT 8 "data_out";
    .port_info 4 /OUTPUT 1 "data_valid";
P_0x11d613780 .param/l "CLKS_PER_BIT" 0 2 11, +C4<00000000000000000000000110110010>;
P_0x11d6137c0 .param/l "DATA" 0 2 16, C4<10>;
P_0x11d613800 .param/l "IDLE" 0 2 14, C4<00>;
P_0x11d613840 .param/l "START" 0 2 15, C4<01>;
P_0x11d613880 .param/l "STOP" 0 2 17, C4<11>;
v0x11d607770_0 .var "bit_index", 2 0;
o0x120040040 .functor BUFZ 1, c4<z>; HiZ drive
v0x11d6235c0_0 .net "clk", 0 0, o0x120040040;  0 drivers
v0x11d623660_0 .var "clk_count", 9 0;
v0x11d623700_0 .var "data_out", 7 0;
v0x11d6237b0_0 .var "data_valid", 0 0;
o0x120040100 .functor BUFZ 1, c4<z>; HiZ drive
v0x11d623890_0 .net "rst_n", 0 0, o0x120040100;  0 drivers
o0x120040130 .functor BUFZ 1, c4<z>; HiZ drive
v0x11d623930_0 .net "rx", 0 0, o0x120040130;  0 drivers
v0x11d6239d0_0 .var "rx_byte", 7 0;
v0x11d623a80_0 .var "state", 1 0;
E_0x11d609050/0 .event negedge, v0x11d623890_0;
E_0x11d609050/1 .event posedge, v0x11d6235c0_0;
E_0x11d609050 .event/or E_0x11d609050/0, E_0x11d609050/1;
    .scope S_0x11d607600;
T_0 ;
    %pushi/vec4 0, 0, 2;
    %store/vec4 v0x11d623a80_0, 0, 2;
    %pushi/vec4 0, 0, 10;
    %store/vec4 v0x11d623660_0, 0, 10;
    %pushi/vec4 0, 0, 3;
    %store/vec4 v0x11d607770_0, 0, 3;
    %pushi/vec4 0, 0, 8;
    %store/vec4 v0x11d6239d0_0, 0, 8;
    %end;
    .thread T_0;
    .scope S_0x11d607600;
T_1 ;
    %wait E_0x11d609050;
    %load/vec4 v0x11d623890_0;
    %nor/r;
    %flag_set/vec4 8;
    %jmp/0xz  T_1.0, 8;
    %pushi/vec4 0, 0, 2;
    %assign/vec4 v0x11d623a80_0, 0;
    %pushi/vec4 0, 0, 10;
    %assign/vec4 v0x11d623660_0, 0;
    %pushi/vec4 0, 0, 3;
    %assign/vec4 v0x11d607770_0, 0;
    %pushi/vec4 0, 0, 1;
    %assign/vec4 v0x11d6237b0_0, 0;
    %pushi/vec4 0, 0, 8;
    %assign/vec4 v0x11d623700_0, 0;
    %jmp T_1.1;
T_1.0 ;
    %load/vec4 v0x11d623a80_0;
    %dup/vec4;
    %pushi/vec4 0, 0, 2;
    %cmp/u;
    %jmp/1 T_1.2, 6;
    %dup/vec4;
    %pushi/vec4 1, 0, 2;
    %cmp/u;
    %jmp/1 T_1.3, 6;
    %dup/vec4;
    %pushi/vec4 2, 0, 2;
    %cmp/u;
    %jmp/1 T_1.4, 6;
    %dup/vec4;
    %pushi/vec4 3, 0, 2;
    %cmp/u;
    %jmp/1 T_1.5, 6;
    %pushi/vec4 0, 0, 2;
    %assign/vec4 v0x11d623a80_0, 0;
    %jmp T_1.7;
T_1.2 ;
    %pushi/vec4 0, 0, 1;
    %assign/vec4 v0x11d6237b0_0, 0;
    %pushi/vec4 0, 0, 10;
    %assign/vec4 v0x11d623660_0, 0;
    %pushi/vec4 0, 0, 3;
    %assign/vec4 v0x11d607770_0, 0;
    %load/vec4 v0x11d623930_0;
    %cmpi/e 0, 0, 1;
    %jmp/0xz  T_1.8, 4;
    %pushi/vec4 1, 0, 2;
    %assign/vec4 v0x11d623a80_0, 0;
T_1.8 ;
    %jmp T_1.7;
T_1.3 ;
    %load/vec4 v0x11d623660_0;
    %pad/u 32;
    %cmpi/e 216, 0, 32;
    %jmp/0xz  T_1.10, 4;
    %load/vec4 v0x11d623930_0;
    %cmpi/e 0, 0, 1;
    %jmp/0xz  T_1.12, 4;
    %pushi/vec4 0, 0, 10;
    %assign/vec4 v0x11d623660_0, 0;
    %pushi/vec4 2, 0, 2;
    %assign/vec4 v0x11d623a80_0, 0;
    %jmp T_1.13;
T_1.12 ;
    %pushi/vec4 0, 0, 2;
    %assign/vec4 v0x11d623a80_0, 0;
T_1.13 ;
    %jmp T_1.11;
T_1.10 ;
    %load/vec4 v0x11d623660_0;
    %addi 1, 0, 10;
    %assign/vec4 v0x11d623660_0, 0;
T_1.11 ;
    %jmp T_1.7;
T_1.4 ;
    %load/vec4 v0x11d623660_0;
    %pad/u 32;
    %cmpi/e 433, 0, 32;
    %jmp/0xz  T_1.14, 4;
    %pushi/vec4 0, 0, 10;
    %assign/vec4 v0x11d623660_0, 0;
    %load/vec4 v0x11d623930_0;
    %ix/load 5, 0, 0;
    %ix/getv 4, v0x11d607770_0;
    %assign/vec4/off/d v0x11d6239d0_0, 4, 5;
    %load/vec4 v0x11d607770_0;
    %pad/u 32;
    %cmpi/e 7, 0, 32;
    %jmp/0xz  T_1.16, 4;
    %pushi/vec4 0, 0, 3;
    %assign/vec4 v0x11d607770_0, 0;
    %pushi/vec4 3, 0, 2;
    %assign/vec4 v0x11d623a80_0, 0;
    %jmp T_1.17;
T_1.16 ;
    %load/vec4 v0x11d607770_0;
    %addi 1, 0, 3;
    %assign/vec4 v0x11d607770_0, 0;
T_1.17 ;
    %jmp T_1.15;
T_1.14 ;
    %load/vec4 v0x11d623660_0;
    %addi 1, 0, 10;
    %assign/vec4 v0x11d623660_0, 0;
T_1.15 ;
    %jmp T_1.7;
T_1.5 ;
    %load/vec4 v0x11d623660_0;
    %pad/u 32;
    %cmpi/e 433, 0, 32;
    %jmp/0xz  T_1.18, 4;
    %pushi/vec4 1, 0, 1;
    %assign/vec4 v0x11d6237b0_0, 0;
    %load/vec4 v0x11d6239d0_0;
    %assign/vec4 v0x11d623700_0, 0;
    %pushi/vec4 0, 0, 10;
    %assign/vec4 v0x11d623660_0, 0;
    %pushi/vec4 0, 0, 2;
    %assign/vec4 v0x11d623a80_0, 0;
    %jmp T_1.19;
T_1.18 ;
    %load/vec4 v0x11d623660_0;
    %addi 1, 0, 10;
    %assign/vec4 v0x11d623660_0, 0;
T_1.19 ;
    %jmp T_1.7;
T_1.7 ;
    %pop/vec4 1;
T_1.1 ;
    %jmp T_1;
    .thread T_1;
# The file index is used to find the file name in the following table.
:file_names 3;
    "N/A";
    "<interactive>";
    "uart_rx.v";

# Updated for Week 1 & 2 Project
